<?xml version="1.0" encoding="utf-8"?><testsuites name="pytest tests"><testsuite name="pytest" errors="0" failures="0" skipped="0" tests="227" time="19.074" timestamp="2025-12-15T17:14:07.644653+00:00" hostname="runnervm6qbrg"><testcase classname="test.unit.agents.test_prospecting_orchestrator" name="test_session_context_init" time="0.010" /><testcase classname="test.unit.agents.test_prospecting_orchestrator" name="test_session_context_increment_interaction" time="0.001" /><testcase classname="test.unit.agents.test_prospecting_orchestrator" name="test_session_context_to_dict" time="0.001" /><testcase classname="test.unit.agents.test_prospecting_orchestrator" name="test_session_context_from_dict" time="0.001" /><testcase classname="test.unit.agents.test_prospecting_orchestrator" name="test_prompt_analyzer_init" time="0.002" /><testcase classname="test.unit.agents.test_prospecting_orchestrator" name="test_prompt_analyzer_analyze_prompt_specific_company" time="0.003" /><testcase classname="test.unit.agents.test_prospecting_orchestrator" name="test_prompt_analyzer_analyze_prompt_general_search" time="0.003" /><testcase classname="test.unit.agents.test_prospecting_orchestrator" name="test_prompt_analyzer_analyze_prompt_error_handling" time="0.003" /><testcase classname="test.unit.agents.test_prospecting_orchestrator" name="test_prospecting_orchestrator_init" time="0.004" /><testcase classname="test.unit.agents.test_prospecting_orchestrator" name="test_prospecting_orchestrator_start_session" time="0.006" /><testcase classname="test.unit.agents.test_prospecting_orchestrator" name="test_prospecting_orchestrator_get_session" time="0.005" /><testcase classname="test.unit.agents.test_prospecting_orchestrator" name="test_prospecting_orchestrator_get_session_not_found" time="0.005" /><testcase classname="test.unit.middleware.test_clerk_auth_middleware" name="test_extract_email_from_claims" time="0.002" /><testcase classname="test.unit.middleware.test_clerk_auth_middleware" name="test_extract_email_lowercases_and_strips" time="0.001" /><testcase classname="test.unit.middleware.test_clerk_auth_middleware" name="test_extract_email_from_email_addresses_array" time="0.001" /><testcase classname="test.unit.middleware.test_clerk_auth_middleware" name="test_extract_email_returns_none_when_missing" time="0.001" /><testcase classname="test.unit.middleware.test_clerk_auth_middleware" name="test_extract_email_handles_empty_email_addresses" time="0.001" /><testcase classname="test.unit.middleware.test_clerk_auth_middleware" name="test_extract_roles_from_public_metadata" time="0.001" /><testcase classname="test.unit.middleware.test_clerk_auth_middleware" name="test_extract_roles_handles_string_role" time="0.001" /><testcase classname="test.unit.middleware.test_clerk_auth_middleware" name="test_extract_roles_returns_empty_list_when_missing" time="0.001" /><testcase classname="test.unit.middleware.test_clerk_auth_middleware" name="test_extract_roles_handles_missing_public_metadata" time="0.001" /><testcase classname="test.unit.middleware.test_clerk_auth_middleware" name="test_extract_daily_override_from_private_metadata" time="0.001" /><testcase classname="test.unit.middleware.test_clerk_auth_middleware" name="test_extract_daily_override_returns_none_when_missing" time="0.001" /><testcase classname="test.unit.middleware.test_clerk_auth_middleware" name="test_extract_daily_override_handles_invalid_value" time="0.002" /><testcase classname="test.unit.middleware.test_clerk_auth_middleware" name="test_extract_daily_override_handles_none_value" time="0.001" /><testcase classname="test.unit.middleware.test_clerk_auth_middleware" name="test_forbidden_creates_correct_response" time="0.001" /><testcase classname="test.unit.middleware.test_clerk_auth_middleware" name="test_unauthorized_creates_correct_response" time="0.001" /><testcase classname="test.unit.routers.test_admin_endpoints" name="test_get_admin_user_returns_user_when_already_admin" time="0.002" /><testcase classname="test.unit.routers.test_admin_endpoints" name="test_get_admin_user_checks_db_when_not_admin_in_claims" time="0.002" /><testcase classname="test.unit.routers.test_admin_endpoints" name="test_get_admin_user_raises_when_not_admin" time="0.004" /><testcase classname="test.unit.routers.test_admin_endpoints" name="test_get_admin_user_raises_when_no_user_id" time="0.002" /><testcase classname="test.unit.routers.test_admin_endpoints" name="test_get_admin_user_elevates_roles_when_db_admin" time="0.002" /><testcase classname="test.unit.routers.test_prospecting_api" name="test_generate_search_id" time="0.001" /><testcase classname="test.unit.routers.test_prospecting_api" name="test_extract_search_context_valid" time="0.001" /><testcase classname="test.unit.routers.test_prospecting_api" name="test_extract_search_context_missing" time="0.001" /><testcase classname="test.unit.routers.test_prospecting_api" name="test_extract_search_context_invalid_json" time="0.001" /><testcase classname="test.unit.routers.test_prospecting_api" name="test_get_session_id_from_request" time="0.001" /><testcase classname="test.unit.routers.test_prospecting_api" name="test_format_search_params_for_storage" time="0.001" /><testcase classname="test.unit.routers.test_prospecting_api" name="test_format_search_params_all_none" time="0.001" /><testcase classname="test.unit.routers.test_prospecting_api" name="test_select_company_for_enrichment_user_mismatch" time="0.001" /><testcase classname="test.unit.routers.test_prospecting_api" name="test_select_company_for_enrichment_missing_selection" time="0.001" /><testcase classname="test.unit.routers.test_prospecting_api" name="test_start_processing_validation" time="0.005" /><testcase classname="test.unit.routers.test_prospecting_api" name="test_start_processing_rate_limit_exceeded" time="0.002" /><testcase classname="test.unit.routers.test_prospecting_api" name="test_get_processing_status" time="0.004" /><testcase classname="test.unit.routers.test_prospecting_api" name="test_get_processing_status_not_found" time="0.002" /><testcase classname="test.unit.services.test_clerk_admin_service" name="test_set_roles_success" time="0.003" /><testcase classname="test.unit.services.test_clerk_admin_service" name="test_set_roles_no_api_key" time="0.003" /><testcase classname="test.unit.services.test_clerk_admin_service" name="test_set_roles_normalizes_and_sorts" time="0.003" /><testcase classname="test.unit.services.test_clerk_admin_service" name="test_set_roles_empty_list_defaults_to_user" time="0.003" /><testcase classname="test.unit.services.test_clerk_admin_service" name="test_set_roles_filters_empty_strings" time="0.004" /><testcase classname="test.unit.services.test_clerk_admin_service" name="test_set_roles_api_error" time="0.003" /><testcase classname="test.unit.services.test_clerk_admin_service" name="test_set_roles_network_exception" time="0.004" /><testcase classname="test.unit.services.test_email_service" name="test_send_password_reset_email_success" time="0.003" /><testcase classname="test.unit.services.test_email_service" name="test_send_password_reset_email_missing_config" time="0.003" /><testcase classname="test.unit.services.test_email_service" name="test_send_password_reset_email_api_failure" time="0.004" /><testcase classname="test.unit.services.test_email_service" name="test_send_verification_email_success" time="0.003" /><testcase classname="test.unit.services.test_email_service" name="test_send_tier1_radar_alert_email_success" time="0.003" /><testcase classname="test.unit.services.test_email_service" name="test_send_tier1_radar_alert_email_without_radar_id" time="0.003" /><testcase classname="test.unit.services.test_email_service" name="test_send_weekly_wrapup_email_success" time="0.003" /><testcase classname="test.unit.services.test_email_service" name="test_extract_finding_preview_company_mentions" time="0.001" /><testcase classname="test.unit.services.test_email_service" name="test_extract_finding_preview_new_hires" time="0.001" /><testcase classname="test.unit.services.test_email_service" name="test_extract_finding_preview_job_openings" time="0.001" /><testcase classname="test.unit.services.test_email_service" name="test_extract_finding_preview_fallback" time="0.001" /><testcase classname="test.unit.services.test_email_service" name="test_extract_finding_preview_truncation" time="0.001" /><testcase classname="test.unit.services.test_excel_export_service" name="test_generate_company_excel_success" time="0.003" /><testcase classname="test.unit.services.test_excel_export_service" name="test_generate_company_excel_no_data" time="0.002" /><testcase classname="test.unit.services.test_excel_export_service" name="test_generate_company_excel_conversion_error" time="0.002" /><testcase classname="test.unit.services.test_excel_export_service" name="test_generate_person_excel_success" time="0.002" /><testcase classname="test.unit.services.test_excel_export_service" name="test_generate_person_excel_no_data" time="0.002" /><testcase classname="test.unit.services.test_excel_export_service" name="test_generate_person_excel_error" time="0.002" /><testcase classname="test.unit.services.test_user_sync_service" name="test_sync_from_claims_returns_default_when_no_db" time="0.003" /><testcase classname="test.unit.services.test_user_sync_service" name="test_is_email_approved_returns_true_when_approved" time="0.002" /><testcase classname="test.unit.services.test_user_sync_service" name="test_is_email_approved_returns_false_when_not_approved" time="0.002" /><testcase classname="test.unit.services.test_user_sync_service" name="test_is_email_approved_handles_inactive_approved_user" time="0.002" /><testcase classname="test.unit.services.test_user_sync_service" name="test_sync_from_claims_creates_new_user_when_not_exists" time="0.004" /><testcase classname="test.unit.services.test_user_sync_service" name="test_sync_from_claims_updates_existing_user" time="0.004" /><testcase classname="test.unit.services.test_user_sync_service" name="test_sync_from_claims_rejects_unapproved_email" time="0.004" /><testcase classname="test.unit.services.test_user_sync_service" name="test_sync_from_claims_uses_daily_limit_override" time="0.004" /><testcase classname="test.unit.services.test_user_sync_service" name="test_sync_from_claims_uses_existing_limit_when_no_override" time="0.004" /><testcase classname="test.unit.services.test_user_sync_service" name="test_sync_from_claims_sets_admin_from_claim" time="0.004" /><testcase classname="test.unit.services.test_user_sync_service" name="test_sync_from_claims_preserves_existing_admin_status" time="0.005" /><testcase classname="test.unit.utils.test_auth_dependencies" name="test_normalize_roles_adds_user_role" time="0.001" /><testcase classname="test.unit.utils.test_auth_dependencies" name="test_normalize_roles_adds_admin_when_is_admin_true" time="0.001" /><testcase classname="test.unit.utils.test_auth_dependencies" name="test_normalize_roles_does_not_add_admin_when_is_admin_false" time="0.001" /><testcase classname="test.unit.utils.test_auth_dependencies" name="test_normalize_roles_handles_string_roles" time="0.001" /><testcase classname="test.unit.utils.test_auth_dependencies" name="test_normalize_roles_strips_and_lowercases" time="0.001" /><testcase classname="test.unit.utils.test_auth_dependencies" name="test_normalize_roles_filters_empty_roles" time="0.001" /><testcase classname="test.unit.utils.test_auth_dependencies" name="test_build_current_user_creates_user_with_overlays" time="0.001" /><testcase classname="test.unit.utils.test_auth_dependencies" name="test_build_current_user_uses_claims_when_overlay_missing" time="0.001" /><testcase classname="test.unit.utils.test_auth_dependencies" name="test_build_current_user_sets_admin_from_roles" time="0.001" /><testcase classname="test.unit.utils.test_auth_dependencies" name="test_build_current_user_normalizes_roles" time="0.001" /><testcase classname="test.unit.utils.test_auth_dependencies" name="test_current_user_from_state_returns_current_user" time="0.001" /><testcase classname="test.unit.utils.test_auth_dependencies" name="test_current_user_from_state_converts_dict" time="0.001" /><testcase classname="test.unit.utils.test_auth_dependencies" name="test_current_user_from_state_returns_none_for_invalid" time="0.001" /><testcase classname="test.unit.utils.test_chunking" name="test_build_uniform_metadata_all_fields" time="0.001" /><testcase classname="test.unit.utils.test_chunking" name="test_build_uniform_metadata_minimal" time="0.001" /><testcase classname="test.unit.utils.test_chunking" name="test_chunk_linkedin_data_dict" time="0.001" /><testcase classname="test.unit.utils.test_chunking" name="test_chunk_linkedin_data_with_denylist" time="0.001" /><testcase classname="test.unit.utils.test_chunking" name="test_chunk_linkedin_data_with_list" time="0.001" /><testcase classname="test.unit.utils.test_chunking" name="test_chunk_linkedin_data_string_json" time="0.001" /><testcase classname="test.unit.utils.test_chunking" name="test_chunk_linkedin_data_invalid_string" time="0.001" /><testcase classname="test.unit.utils.test_chunking" name="test_chunk_linkedin_data_list_wrapper" time="0.001" /><testcase classname="test.unit.utils.test_chunking" name="test_chunk_perplexity_json" time="0.001" /><testcase classname="test.unit.utils.test_chunking" name="test_chunk_perplexity_json_empty_sections" time="0.001" /><testcase classname="test.unit.utils.test_chunking" name="test_chunk_perplexity_json_non_list_section" time="0.001" /><testcase classname="test.unit.utils.test_chunking" name="test_is_relevant_web_chunk_relevant" time="0.001" /><testcase classname="test.unit.utils.test_chunking" name="test_is_relevant_web_chunk_too_short" time="0.001" /><testcase classname="test.unit.utils.test_chunking" name="test_is_relevant_web_chunk_navigation" time="0.001" /><testcase classname="test.unit.utils.test_chunking" name="test_is_relevant_web_chunk_legal" time="0.001" /><testcase classname="test.unit.utils.test_chunking" name="test_is_relevant_web_chunk_with_denylist" time="0.001" /><testcase classname="test.unit.utils.test_config" name="test_is_aws_secrets_enabled_default" time="0.003" /><testcase classname="test.unit.utils.test_config" name="test_is_aws_secrets_enabled_disabled" time="0.002" /><testcase classname="test.unit.utils.test_config" name="test_is_aws_secrets_enabled_disabled_variations" time="0.006" /><testcase classname="test.unit.utils.test_config" name="test_get_config_value_from_env" time="0.003" /><testcase classname="test.unit.utils.test_config" name="test_get_config_value_default" time="0.003" /><testcase classname="test.unit.utils.test_config" name="test_get_config_value_from_secrets_manager" time="0.002" /><testcase classname="test.unit.utils.test_config" name="test_get_config_value_secrets_manager_priority" time="0.003" /><testcase classname="test.unit.utils.test_config" name="test_get_openai_api_key" time="0.001" /><testcase classname="test.unit.utils.test_config" name="test_get_anthropic_api_key" time="0.002" /><testcase classname="test.unit.utils.test_config" name="test_get_anthropic_model_default" time="0.001" /><testcase classname="test.unit.utils.test_config" name="test_get_use_redis_rate_limiting_true" time="0.001" /><testcase classname="test.unit.utils.test_config" name="test_get_use_redis_rate_limiting_false" time="0.001" /><testcase classname="test.unit.utils.test_config" name="test_get_enable_postgres_storage_true" time="0.001" /><testcase classname="test.unit.utils.test_config" name="test_get_enable_postgres_storage_false" time="0.001" /><testcase classname="test.unit.utils.test_config" name="test_get_postgres_host_development" time="0.002" /><testcase classname="test.unit.utils.test_config" name="test_get_postgres_host_production" time="0.002" /><testcase classname="test.unit.utils.test_config" name="test_get_postgres_port" time="0.002" /><testcase classname="test.unit.utils.test_config" name="test_get_redis_host" time="0.001" /><testcase classname="test.unit.utils.test_config" name="test_get_redis_port" time="0.002" /><testcase classname="test.unit.utils.test_dashboard_cache" name="test_invalidate_user_cache" time="0.001" /><testcase classname="test.unit.utils.test_dashboard_cache" name="test_invalidate_user_cache_not_exists" time="0.001" /><testcase classname="test.unit.utils.test_dashboard_cache" name="test_get_cached_dashboard_not_cached" time="0.001" /><testcase classname="test.unit.utils.test_dashboard_cache" name="test_get_cached_dashboard_valid" time="0.001" /><testcase classname="test.unit.utils.test_dashboard_cache" name="test_get_cached_dashboard_expired" time="0.002" /><testcase classname="test.unit.utils.test_dashboard_cache" name="test_set_cached_dashboard" time="0.001" /><testcase classname="test.unit.utils.test_dashboard_cache" name="test_mark_tier1_2_finding_added" time="0.001" /><testcase classname="test.unit.utils.test_dashboard_cache" name="test_mark_tier1_2_finding_added_no_cache" time="0.001" /><testcase classname="test.unit.utils.test_dashboard_cache" name="test_clear_all_cache" time="0.002" /><testcase classname="test.unit.utils.test_dashboard_cache" name="test_cache_ttl_constant" time="0.001" /><testcase classname="test.unit.utils.test_dashboard_cache" name="test_cache_isolation" time="0.001" /><testcase classname="test.unit.utils.test_db_rate_limit" name="test_get_user_limit_with_custom_limit" time="0.002" /><testcase classname="test.unit.utils.test_db_rate_limit" name="test_get_user_limit_default" time="0.002" /><testcase classname="test.unit.utils.test_db_rate_limit" name="test_set_user_limit_success" time="0.002" /><testcase classname="test.unit.utils.test_db_rate_limit" name="test_set_user_limit_failure" time="0.002" /><testcase classname="test.unit.utils.test_db_rate_limit" name="test_get_request_count_existing" time="0.002" /><testcase classname="test.unit.utils.test_db_rate_limit" name="test_get_request_count_zero" time="0.002" /><testcase classname="test.unit.utils.test_db_rate_limit" name="test_increment_request_count_new" time="0.002" /><testcase classname="test.unit.utils.test_db_rate_limit" name="test_increment_request_count_existing" time="0.002" /><testcase classname="test.unit.utils.test_db_rate_limit" name="test_check_rate_limit_allowed" time="0.004" /><testcase classname="test.unit.utils.test_db_rate_limit" name="test_check_rate_limit_exceeded" time="0.005" /><testcase classname="test.unit.utils.test_db_rate_limit" name="test_check_window_limit_allowed" time="0.004" /><testcase classname="test.unit.utils.test_db_rate_limit" name="test_check_window_limit_exceeded" time="0.004" /><testcase classname="test.unit.utils.test_db_rate_limit" name="test_reset_all_counters" time="0.002" /><testcase classname="test.unit.utils.test_db_rate_limit" name="test_cleanup_old_windows" time="0.003" /><testcase classname="test.unit.utils.test_db_rate_limit" name="test_cleanup_old_windows_no_results" time="0.002" /><testcase classname="test.unit.utils.test_domain_utils" name="test_normalize_domain_simple" time="0.001" /><testcase classname="test.unit.utils.test_domain_utils" name="test_normalize_domain_with_protocol" time="0.001" /><testcase classname="test.unit.utils.test_domain_utils" name="test_normalize_domain_with_path" time="0.001" /><testcase classname="test.unit.utils.test_domain_utils" name="test_normalize_domain_with_port" time="0.001" /><testcase classname="test.unit.utils.test_domain_utils" name="test_normalize_domain_uppercase" time="0.001" /><testcase classname="test.unit.utils.test_domain_utils" name="test_normalize_domain_with_leading_dots" time="0.001" /><testcase classname="test.unit.utils.test_domain_utils" name="test_normalize_domain_empty" time="0.001" /><testcase classname="test.unit.utils.test_domain_utils" name="test_clean_domain_alias" time="0.001" /><testcase classname="test.unit.utils.test_domain_utils" name="test_extract_root_domain_simple" time="0.001" /><testcase classname="test.unit.utils.test_domain_utils" name="test_extract_root_domain_with_subdomain" time="0.001" /><testcase classname="test.unit.utils.test_domain_utils" name="test_extract_root_domain_www" time="0.001" /><testcase classname="test.unit.utils.test_domain_utils" name="test_extract_root_domain_common_subdomain" time="0.001" /><testcase classname="test.unit.utils.test_domain_utils" name="test_is_subdomain_true" time="0.001" /><testcase classname="test.unit.utils.test_domain_utils" name="test_is_subdomain_false" time="0.001" /><testcase classname="test.unit.utils.test_domain_utils" name="test_is_subdomain_www" time="0.001" /><testcase classname="test.unit.utils.test_domain_utils" name="test_check_domain_reachability_success" time="0.001" /><testcase classname="test.unit.utils.test_domain_utils" name="test_check_domain_reachability_failure" time="0.001" /><testcase classname="test.unit.utils.test_domain_utils" name="test_check_domain_reachability_empty" time="0.001" /><testcase classname="test.unit.utils.test_domain_utils" name="test_suggest_parent_domain_subdomain" time="0.001" /><testcase classname="test.unit.utils.test_domain_utils" name="test_suggest_parent_domain_root" time="0.001" /><testcase classname="test.unit.utils.test_domain_utils" name="test_generate_company_id_from_domain" time="0.001" /><testcase classname="test.unit.utils.test_domain_utils" name="test_generate_company_id_from_url" time="0.001" /><testcase classname="test.unit.utils.test_domain_utils" name="test_generate_company_id_from_domain_empty" time="0.001" /><testcase classname="test.unit.utils.test_domain_utils" name="test_create_company_id_from_name" time="0.002" /><testcase classname="test.unit.utils.test_domain_utils" name="test_create_company_id_from_name_with_special_chars" time="0.001" /><testcase classname="test.unit.utils.test_domain_utils" name="test_create_company_id_from_name_with_suffix" time="0.001" /><testcase classname="test.unit.utils.test_domain_utils" name="test_create_company_id_from_name_empty" time="0.001" /><testcase classname="test.unit.utils.test_perplexity_utils" name="test_append_all_information_none_values" time="0.001" /><testcase classname="test.unit.utils.test_perplexity_utils" name="test_append_all_information_lists" time="0.001" /><testcase classname="test.unit.utils.test_perplexity_utils" name="test_append_all_information_dicts" time="0.001" /><testcase classname="test.unit.utils.test_perplexity_utils" name="test_append_all_information_strings_same" time="0.001" /><testcase classname="test.unit.utils.test_perplexity_utils" name="test_append_all_information_strings_different" time="0.001" /><testcase classname="test.unit.utils.test_perplexity_utils" name="test_merge_category_fields_empty" time="0.001" /><testcase classname="test.unit.utils.test_perplexity_utils" name="test_merge_category_fields_one_empty" time="0.001" /><testcase classname="test.unit.utils.test_perplexity_utils" name="test_merge_category_fields_with_citations" time="0.001" /><testcase classname="test.unit.utils.test_perplexity_utils" name="test_merge_perplexity_outputs_both_none" time="0.001" /><testcase classname="test.unit.utils.test_perplexity_utils" name="test_merge_perplexity_outputs_one_none" time="0.001" /><testcase classname="test.unit.utils.test_perplexity_utils" name="test_merge_perplexity_outputs_both_dicts" time="0.001" /><testcase classname="test.unit.utils.test_perplexity_utils" name="test_safe_parse_perplexity_content_dict" time="0.001" /><testcase classname="test.unit.utils.test_perplexity_utils" name="test_safe_parse_perplexity_content_list" time="0.001" /><testcase classname="test.unit.utils.test_perplexity_utils" name="test_safe_parse_perplexity_content_json_string" time="0.001" /><testcase classname="test.unit.utils.test_perplexity_utils" name="test_safe_parse_perplexity_content_invalid_json" time="0.001" /><testcase classname="test.unit.utils.test_perplexity_utils" name="test_safe_parse_perplexity_content_none" time="0.001" /><testcase classname="test.unit.utils.test_perplexity_utils" name="test_safe_parse_perplexity_content_malformed_json" time="0.001" /><testcase classname="test.unit.utils.test_perplexity_utils" name="test_safe_parse_perplexity_content_list_string" time="0.001" /><testcase classname="test.unit.utils.test_progress_store" name="test_progress_store_instance_singleton" time="0.002" /><testcase classname="test.unit.utils.test_progress_store" name="test_set_progress_redis" time="0.003" /><testcase classname="test.unit.utils.test_progress_store" name="test_set_progress_clamped" time="0.003" /><testcase classname="test.unit.utils.test_progress_store" name="test_set_progress_database" time="0.003" /><testcase classname="test.unit.utils.test_progress_store" name="test_reset_progress_redis" time="0.003" /><testcase classname="test.unit.utils.test_progress_store" name="test_get_progress_redis" time="0.003" /><testcase classname="test.unit.utils.test_progress_store" name="test_get_progress_database" time="0.003" /><testcase classname="test.unit.utils.test_progress_store" name="test_get_progress_not_found" time="0.003" /><testcase classname="test.unit.utils.test_progress_store" name="test_update_subprogress" time="0.004" /><testcase classname="test.unit.utils.test_progress_store" name="test_get_display_progress_100" time="0.003" /><testcase classname="test.unit.utils.test_progress_store" name="test_update_component_status" time="0.003" /><testcase classname="test.unit.utils.test_rate_limit" name="test_rate_limiter_init_with_redis" time="0.002" /><testcase classname="test.unit.utils.test_rate_limit" name="test_rate_limiter_init_without_redis" time="0.002" /><testcase classname="test.unit.utils.test_rate_limit" name="test_get_user_limit_redis" time="0.002" /><testcase classname="test.unit.utils.test_rate_limit" name="test_get_user_limit_redis_default" time="0.002" /><testcase classname="test.unit.utils.test_rate_limit" name="test_get_user_limit_database" time="0.003" /><testcase classname="test.unit.utils.test_rate_limit" name="test_set_user_limit_redis" time="0.002" /><testcase classname="test.unit.utils.test_rate_limit" name="test_set_user_limit_database" time="0.003" /><testcase classname="test.unit.utils.test_rate_limit" name="test_get_request_count_redis" time="0.002" /><testcase classname="test.unit.utils.test_rate_limit" name="test_get_request_count_redis_zero" time="0.002" /><testcase classname="test.unit.utils.test_rate_limit" name="test_increment_request_count_redis" time="0.002" /><testcase classname="test.unit.utils.test_rate_limit" name="test_increment_request_count_redis_new" time="0.004" /><testcase classname="test.unit.utils.test_rate_limit" name="test_check_rate_limit_redis_allowed" time="0.004" /><testcase classname="test.unit.utils.test_rate_limit" name="test_check_rate_limit_redis_exceeded" time="0.004" /><testcase classname="test.unit.utils.test_rate_limit" name="test_reset_all_counters_redis" time="0.004" /><testcase classname="test.unit.utils.test_rate_limit" name="test_check_window_limit_database" time="0.003" /><testcase classname="test.unit.utils.test_rate_limit" name="test_check_window_limit_redis" time="0.003" /></testsuite></testsuites>